{
  "uid" : "5990f44ff840803",
  "name" : "test_validate_elements_login_page[locator2]",
  "fullName" : "tests.login_page.test_login_page.TestLoginPage#test_validate_elements_login_page",
  "historyId" : "fc984da8f5a65c8326a416c3b84802c7",
  "time" : {
    "start" : 1737201882547,
    "stop" : 1737201889122,
    "duration" : 6575
  },
  "status" : "failed",
  "statusMessage" : "AssertionError: signin-error-msg is not found\nassert False\n +  where False = is_element_present(*('id', 'signin-error-msg'), timeout=5)\n +    where is_element_present = <src.pages.login_page.LoginPage object at 0x7f84039d2b40>.is_element_present",
  "statusTrace" : "self = <tests.login_page.test_login_page.TestLoginPage object at 0x7f8404c40dd0>\npage = <src.pages.login_page.LoginPage object at 0x7f84039d2b40>\nlocator = ('id', 'signin-error-msg')\n\n    @pytest.mark.parametrize('locator', [getattr(LoginPageLocators, attr) for attr in dir(LoginPageLocators) if not attr.startswith(\"__\")])\n    def test_validate_elements_login_page(self, page, locator):\n>       assert page.is_element_present(*locator, timeout=5), f'{locator[1]} is not found'\nE       AssertionError: signin-error-msg is not found\nE       assert False\nE        +  where False = is_element_present(*('id', 'signin-error-msg'), timeout=5)\nE        +    where is_element_present = <src.pages.login_page.LoginPage object at 0x7f84039d2b40>.is_element_present\n\ntests/login_page/test_login_page.py:17: AssertionError",
  "flaky" : false,
  "newFailed" : false,
  "beforeStages" : [ {
    "name" : "page",
    "time" : {
      "start" : 1737201882480,
      "stop" : 1737201882546,
      "duration" : 66
    },
    "status" : "passed",
    "steps" : [ ],
    "attachments" : [ ],
    "parameters" : [ ],
    "stepsCount" : 0,
    "attachmentsCount" : 0,
    "shouldDisplayMessage" : false,
    "hasContent" : false
  }, {
    "name" : "log_report",
    "time" : {
      "start" : 1737201882546,
      "stop" : 1737201882546,
      "duration" : 0
    },
    "status" : "passed",
    "steps" : [ ],
    "attachments" : [ ],
    "parameters" : [ ],
    "stepsCount" : 0,
    "attachmentsCount" : 0,
    "shouldDisplayMessage" : false,
    "hasContent" : false
  }, {
    "name" : "browser",
    "time" : {
      "start" : 1737201859430,
      "stop" : 1737201876518,
      "duration" : 17088
    },
    "status" : "passed",
    "steps" : [ ],
    "attachments" : [ ],
    "parameters" : [ ],
    "stepsCount" : 0,
    "attachmentsCount" : 0,
    "shouldDisplayMessage" : false,
    "hasContent" : false
  }, {
    "name" : "pytestconfig",
    "time" : {
      "start" : 1737201859430,
      "stop" : 1737201859430,
      "duration" : 0
    },
    "status" : "passed",
    "steps" : [ ],
    "attachments" : [ ],
    "parameters" : [ ],
    "stepsCount" : 0,
    "attachmentsCount" : 0,
    "shouldDisplayMessage" : false,
    "hasContent" : false
  } ],
  "afterStages" : [ {
    "name" : "log_report::0",
    "time" : {
      "start" : 1737201889159,
      "stop" : 1737201889287,
      "duration" : 128
    },
    "status" : "passed",
    "steps" : [ ],
    "attachments" : [ {
      "uid" : "1aa3c20d63beec3d",
      "name" : "test_validate_elements_login_page_locator2__screenshot.png",
      "source" : "1aa3c20d63beec3d.png",
      "type" : "image/png",
      "size" : 57468
    }, {
      "uid" : "647e0d77f3349d65",
      "name" : "test_validate_elements_login_page_locator2__Console",
      "source" : "647e0d77f3349d65.txt",
      "type" : "text/plain",
      "size" : 2242
    } ],
    "parameters" : [ ],
    "stepsCount" : 0,
    "attachmentsCount" : 2,
    "shouldDisplayMessage" : false,
    "hasContent" : true
  }, {
    "name" : "browser::0",
    "time" : {
      "start" : 1737201927713,
      "stop" : 1737201927853,
      "duration" : 140
    },
    "status" : "passed",
    "steps" : [ ],
    "attachments" : [ ],
    "parameters" : [ ],
    "stepsCount" : 0,
    "attachmentsCount" : 0,
    "shouldDisplayMessage" : false,
    "hasContent" : false
  } ],
  "labels" : [ {
    "name" : "parentSuite",
    "value" : "tests.login_page"
  }, {
    "name" : "suite",
    "value" : "test_login_page"
  }, {
    "name" : "subSuite",
    "value" : "TestLoginPage"
  }, {
    "name" : "host",
    "value" : "fv-az1440-788"
  }, {
    "name" : "thread",
    "value" : "2653-MainThread"
  }, {
    "name" : "framework",
    "value" : "pytest"
  }, {
    "name" : "language",
    "value" : "cpython3"
  }, {
    "name" : "package",
    "value" : "tests.login_page.test_login_page"
  }, {
    "name" : "resultFormat",
    "value" : "allure2"
  } ],
  "parameters" : [ {
    "name" : "locator",
    "value" : "('id', 'signin-error-msg')"
  } ],
  "links" : [ ],
  "hidden" : false,
  "retry" : false,
  "extra" : {
    "severity" : "normal",
    "retries" : [ ],
    "categories" : [ {
      "name" : "Product defects",
      "matchedStatuses" : [ ],
      "flaky" : false
    } ],
    "history" : {
      "statistic" : {
        "failed" : 2,
        "broken" : 0,
        "skipped" : 0,
        "passed" : 0,
        "unknown" : 0,
        "total" : 2
      },
      "items" : [ {
        "uid" : "cc5b211a1cbde98f",
        "reportUrl" : "https://julianemran.github.io/ebay-testing/10//#testresult/cc5b211a1cbde98f",
        "status" : "failed",
        "statusDetails" : "AssertionError: signin-error-msg is not found\nassert False\n +  where False = is_element_present(*('id', 'signin-error-msg'), timeout=5)\n +    where is_element_present = <src.pages.login_page.LoginPage object at 0x7ff942af21e0>.is_element_present",
        "time" : {
          "start" : 1737200459569,
          "stop" : 1737200466206,
          "duration" : 6637
        }
      } ]
    },
    "tags" : [ ]
  },
  "source" : "5990f44ff840803.json",
  "parameterValues" : [ "('id', 'signin-error-msg')" ]
}