{
  "uid" : "cf5ef7ff0b749647",
  "name" : "test_validate_elements_login_page[locator5]",
  "fullName" : "tests.login_page.test_login_page.TestLoginPage#test_validate_elements_login_page",
  "historyId" : "de53cb0d126c7730ca9bf3f40fb22bbc",
  "time" : {
    "start" : 1737201889322,
    "stop" : 1737201895958,
    "duration" : 6636
  },
  "status" : "failed",
  "statusMessage" : "AssertionError: //a[normalize-space()='Sign in'] is not found\nassert False\n +  where False = is_element_present(*('xpath', \"//a[normalize-space()='Sign in']\"), timeout=5)\n +    where is_element_present = <src.pages.login_page.LoginPage object at 0x7f84039d4170>.is_element_present",
  "statusTrace" : "self = <tests.login_page.test_login_page.TestLoginPage object at 0x7f8403b7dc10>\npage = <src.pages.login_page.LoginPage object at 0x7f84039d4170>\nlocator = ('xpath', \"//a[normalize-space()='Sign in']\")\n\n    @pytest.mark.parametrize('locator', [getattr(LoginPageLocators, attr) for attr in dir(LoginPageLocators) if not attr.startswith(\"__\")])\n    def test_validate_elements_login_page(self, page, locator):\n>       assert page.is_element_present(*locator, timeout=5), f'{locator[1]} is not found'\nE       AssertionError: //a[normalize-space()='Sign in'] is not found\nE       assert False\nE        +  where False = is_element_present(*('xpath', \"//a[normalize-space()='Sign in']\"), timeout=5)\nE        +    where is_element_present = <src.pages.login_page.LoginPage object at 0x7f84039d4170>.is_element_present\n\ntests/login_page/test_login_page.py:17: AssertionError",
  "flaky" : false,
  "newFailed" : false,
  "beforeStages" : [ {
    "name" : "page",
    "time" : {
      "start" : 1737201889319,
      "stop" : 1737201889322,
      "duration" : 3
    },
    "status" : "passed",
    "steps" : [ ],
    "attachments" : [ ],
    "parameters" : [ ],
    "stepsCount" : 0,
    "attachmentsCount" : 0,
    "shouldDisplayMessage" : false,
    "hasContent" : false
  }, {
    "name" : "browser",
    "time" : {
      "start" : 1737201859430,
      "stop" : 1737201876518,
      "duration" : 17088
    },
    "status" : "passed",
    "steps" : [ ],
    "attachments" : [ ],
    "parameters" : [ ],
    "stepsCount" : 0,
    "attachmentsCount" : 0,
    "shouldDisplayMessage" : false,
    "hasContent" : false
  }, {
    "name" : "log_report",
    "time" : {
      "start" : 1737201889322,
      "stop" : 1737201889322,
      "duration" : 0
    },
    "status" : "passed",
    "steps" : [ ],
    "attachments" : [ ],
    "parameters" : [ ],
    "stepsCount" : 0,
    "attachmentsCount" : 0,
    "shouldDisplayMessage" : false,
    "hasContent" : false
  }, {
    "name" : "pytestconfig",
    "time" : {
      "start" : 1737201859430,
      "stop" : 1737201859430,
      "duration" : 0
    },
    "status" : "passed",
    "steps" : [ ],
    "attachments" : [ ],
    "parameters" : [ ],
    "stepsCount" : 0,
    "attachmentsCount" : 0,
    "shouldDisplayMessage" : false,
    "hasContent" : false
  } ],
  "afterStages" : [ {
    "name" : "browser::0",
    "time" : {
      "start" : 1737201927713,
      "stop" : 1737201927853,
      "duration" : 140
    },
    "status" : "passed",
    "steps" : [ ],
    "attachments" : [ ],
    "parameters" : [ ],
    "stepsCount" : 0,
    "attachmentsCount" : 0,
    "shouldDisplayMessage" : false,
    "hasContent" : false
  }, {
    "name" : "log_report::0",
    "time" : {
      "start" : 1737201895961,
      "stop" : 1737201896066,
      "duration" : 105
    },
    "status" : "passed",
    "steps" : [ ],
    "attachments" : [ {
      "uid" : "e4bf4a2b0ad64f54",
      "name" : "test_validate_elements_login_page_locator5__screenshot.png",
      "source" : "e4bf4a2b0ad64f54.png",
      "type" : "image/png",
      "size" : 57468
    } ],
    "parameters" : [ ],
    "stepsCount" : 0,
    "attachmentsCount" : 1,
    "shouldDisplayMessage" : false,
    "hasContent" : true
  } ],
  "labels" : [ {
    "name" : "parentSuite",
    "value" : "tests.login_page"
  }, {
    "name" : "suite",
    "value" : "test_login_page"
  }, {
    "name" : "subSuite",
    "value" : "TestLoginPage"
  }, {
    "name" : "host",
    "value" : "fv-az1440-788"
  }, {
    "name" : "thread",
    "value" : "2653-MainThread"
  }, {
    "name" : "framework",
    "value" : "pytest"
  }, {
    "name" : "language",
    "value" : "cpython3"
  }, {
    "name" : "package",
    "value" : "tests.login_page.test_login_page"
  }, {
    "name" : "resultFormat",
    "value" : "allure2"
  } ],
  "parameters" : [ {
    "name" : "locator",
    "value" : "('xpath', \"//a[normalize-space()='Sign in']\")"
  } ],
  "links" : [ ],
  "hidden" : false,
  "retry" : false,
  "extra" : {
    "severity" : "normal",
    "retries" : [ ],
    "categories" : [ {
      "name" : "Product defects",
      "matchedStatuses" : [ ],
      "flaky" : false
    } ],
    "history" : {
      "statistic" : {
        "failed" : 2,
        "broken" : 0,
        "skipped" : 0,
        "passed" : 0,
        "unknown" : 0,
        "total" : 2
      },
      "items" : [ {
        "uid" : "afeef2f1a18e14d2",
        "reportUrl" : "https://julianemran.github.io/ebay-testing/10//#testresult/afeef2f1a18e14d2",
        "status" : "failed",
        "statusDetails" : "AssertionError: //a[normalize-space()='Sign in'] is not found\nassert False\n +  where False = is_element_present(*('xpath', \"//a[normalize-space()='Sign in']\"), timeout=5)\n +    where is_element_present = <src.pages.login_page.LoginPage object at 0x7ff942af32c0>.is_element_present",
        "time" : {
          "start" : 1737200466389,
          "stop" : 1737200472988,
          "duration" : 6599
        }
      } ]
    },
    "tags" : [ ]
  },
  "source" : "cf5ef7ff0b749647.json",
  "parameterValues" : [ "('xpath', \"//a[normalize-space()='Sign in']\")" ]
}