{
  "uid" : "da70a09a3b63e40f",
  "name" : "test_validate_elements_login_page[locator6]",
  "fullName" : "tests.login_page.test_login_page.TestLoginPage#test_validate_elements_login_page",
  "historyId" : "7286f61e9fb57855e242f2b6505cbd6c",
  "time" : {
    "start" : 1737201896071,
    "stop" : 1737201902690,
    "duration" : 6619
  },
  "status" : "failed",
  "statusMessage" : "AssertionError: passkeys-title is not found\nassert False\n +  where False = is_element_present(*('id', 'passkeys-title'), timeout=5)\n +    where is_element_present = <src.pages.login_page.LoginPage object at 0x7f84039d07d0>.is_element_present",
  "statusTrace" : "self = <tests.login_page.test_login_page.TestLoginPage object at 0x7f8403b7dca0>\npage = <src.pages.login_page.LoginPage object at 0x7f84039d07d0>\nlocator = ('id', 'passkeys-title')\n\n    @pytest.mark.parametrize('locator', [getattr(LoginPageLocators, attr) for attr in dir(LoginPageLocators) if not attr.startswith(\"__\")])\n    def test_validate_elements_login_page(self, page, locator):\n>       assert page.is_element_present(*locator, timeout=5), f'{locator[1]} is not found'\nE       AssertionError: passkeys-title is not found\nE       assert False\nE        +  where False = is_element_present(*('id', 'passkeys-title'), timeout=5)\nE        +    where is_element_present = <src.pages.login_page.LoginPage object at 0x7f84039d07d0>.is_element_present\n\ntests/login_page/test_login_page.py:17: AssertionError",
  "flaky" : false,
  "newFailed" : false,
  "beforeStages" : [ {
    "name" : "browser",
    "time" : {
      "start" : 1737201859430,
      "stop" : 1737201876518,
      "duration" : 17088
    },
    "status" : "passed",
    "steps" : [ ],
    "attachments" : [ ],
    "parameters" : [ ],
    "stepsCount" : 0,
    "attachmentsCount" : 0,
    "shouldDisplayMessage" : false,
    "hasContent" : false
  }, {
    "name" : "pytestconfig",
    "time" : {
      "start" : 1737201859430,
      "stop" : 1737201859430,
      "duration" : 0
    },
    "status" : "passed",
    "steps" : [ ],
    "attachments" : [ ],
    "parameters" : [ ],
    "stepsCount" : 0,
    "attachmentsCount" : 0,
    "shouldDisplayMessage" : false,
    "hasContent" : false
  }, {
    "name" : "page",
    "time" : {
      "start" : 1737201896067,
      "stop" : 1737201896070,
      "duration" : 3
    },
    "status" : "passed",
    "steps" : [ ],
    "attachments" : [ ],
    "parameters" : [ ],
    "stepsCount" : 0,
    "attachmentsCount" : 0,
    "shouldDisplayMessage" : false,
    "hasContent" : false
  }, {
    "name" : "log_report",
    "time" : {
      "start" : 1737201896070,
      "stop" : 1737201896070,
      "duration" : 0
    },
    "status" : "passed",
    "steps" : [ ],
    "attachments" : [ ],
    "parameters" : [ ],
    "stepsCount" : 0,
    "attachmentsCount" : 0,
    "shouldDisplayMessage" : false,
    "hasContent" : false
  } ],
  "afterStages" : [ {
    "name" : "browser::0",
    "time" : {
      "start" : 1737201927713,
      "stop" : 1737201927853,
      "duration" : 140
    },
    "status" : "passed",
    "steps" : [ ],
    "attachments" : [ ],
    "parameters" : [ ],
    "stepsCount" : 0,
    "attachmentsCount" : 0,
    "shouldDisplayMessage" : false,
    "hasContent" : false
  }, {
    "name" : "log_report::0",
    "time" : {
      "start" : 1737201902692,
      "stop" : 1737201902798,
      "duration" : 106
    },
    "status" : "passed",
    "steps" : [ ],
    "attachments" : [ {
      "uid" : "e9db432965bbc083",
      "name" : "test_validate_elements_login_page_locator6__screenshot.png",
      "source" : "e9db432965bbc083.png",
      "type" : "image/png",
      "size" : 57468
    } ],
    "parameters" : [ ],
    "stepsCount" : 0,
    "attachmentsCount" : 1,
    "shouldDisplayMessage" : false,
    "hasContent" : true
  } ],
  "labels" : [ {
    "name" : "parentSuite",
    "value" : "tests.login_page"
  }, {
    "name" : "suite",
    "value" : "test_login_page"
  }, {
    "name" : "subSuite",
    "value" : "TestLoginPage"
  }, {
    "name" : "host",
    "value" : "fv-az1440-788"
  }, {
    "name" : "thread",
    "value" : "2653-MainThread"
  }, {
    "name" : "framework",
    "value" : "pytest"
  }, {
    "name" : "language",
    "value" : "cpython3"
  }, {
    "name" : "package",
    "value" : "tests.login_page.test_login_page"
  }, {
    "name" : "resultFormat",
    "value" : "allure2"
  } ],
  "parameters" : [ {
    "name" : "locator",
    "value" : "('id', 'passkeys-title')"
  } ],
  "links" : [ ],
  "hidden" : false,
  "retry" : false,
  "extra" : {
    "severity" : "normal",
    "retries" : [ ],
    "categories" : [ {
      "name" : "Product defects",
      "matchedStatuses" : [ ],
      "flaky" : false
    } ],
    "history" : {
      "statistic" : {
        "failed" : 2,
        "broken" : 0,
        "skipped" : 0,
        "passed" : 0,
        "unknown" : 0,
        "total" : 2
      },
      "items" : [ {
        "uid" : "32a02dbe9f214c37",
        "reportUrl" : "https://julianemran.github.io/ebay-testing/10//#testresult/32a02dbe9f214c37",
        "status" : "failed",
        "statusDetails" : "AssertionError: passkeys-title is not found\nassert False\n +  where False = is_element_present(*('id', 'passkeys-title'), timeout=5)\n +    where is_element_present = <src.pages.login_page.LoginPage object at 0x7ff942af3d40>.is_element_present",
        "time" : {
          "start" : 1737200473091,
          "stop" : 1737200479695,
          "duration" : 6604
        }
      } ]
    },
    "tags" : [ ]
  },
  "source" : "da70a09a3b63e40f.json",
  "parameterValues" : [ "('id', 'passkeys-title')" ]
}