{
  "uid" : "7166f8f50c7ad1a2",
  "name" : "test_validate_elements_login_page[locator6]",
  "fullName" : "tests.login_page.test_login_page.TestLoginPage#test_validate_elements_login_page",
  "historyId" : "7286f61e9fb57855e242f2b6505cbd6c",
  "time" : {
    "start" : 1737633488975,
    "stop" : 1737633495518,
    "duration" : 6543
  },
  "description" : "This test validates the presence of elements on the login page.",
  "descriptionHtml" : "<p>This test validates the presence of elements on the login page.</p>\n",
  "status" : "failed",
  "statusMessage" : "AssertionError: passkeys-title is not found\nassert False\n +  where False = is_element_present(*('id', 'passkeys-title'), timeout=5)\n +    where is_element_present = <src.pages.login_page.LoginPage object at 0x7f74c6c4a330>.is_element_present",
  "statusTrace" : "self = <tests.login_page.test_login_page.TestLoginPage object at 0x7f74c6df1b20>\npage = <src.pages.login_page.LoginPage object at 0x7f74c6c4a330>\nlocator = ('id', 'passkeys-title')\n\n    @allure.severity(allure.severity_level.NORMAL)\n    @pytest.mark.parametrize('locator', [getattr(LoginPageLocators, attr) for attr in dir(LoginPageLocators) if not attr.startswith(\"__\")])\n    def test_validate_elements_login_page(self, page, locator):\n        allure.dynamic.description(\"This test validates the presence of elements on the login page.\")\n>       assert page.is_element_present(*locator, timeout=5), f'{locator[1]} is not found'\nE       AssertionError: passkeys-title is not found\nE       assert False\nE        +  where False = is_element_present(*('id', 'passkeys-title'), timeout=5)\nE        +    where is_element_present = <src.pages.login_page.LoginPage object at 0x7f74c6c4a330>.is_element_present\n\ntests/login_page/test_login_page.py:20: AssertionError",
  "flaky" : false,
  "newFailed" : false,
  "beforeStages" : [ {
    "name" : "page",
    "time" : {
      "start" : 1737633488971,
      "stop" : 1737633488974,
      "duration" : 3
    },
    "status" : "passed",
    "steps" : [ ],
    "attachments" : [ ],
    "parameters" : [ ],
    "attachmentsCount" : 0,
    "shouldDisplayMessage" : false,
    "hasContent" : false,
    "stepsCount" : 0
  }, {
    "name" : "pytestconfig",
    "time" : {
      "start" : 1737633406539,
      "stop" : 1737633406539,
      "duration" : 0
    },
    "status" : "passed",
    "steps" : [ ],
    "attachments" : [ ],
    "parameters" : [ ],
    "attachmentsCount" : 0,
    "shouldDisplayMessage" : false,
    "hasContent" : false,
    "stepsCount" : 0
  }, {
    "name" : "browser",
    "time" : {
      "start" : 1737633406539,
      "stop" : 1737633465827,
      "duration" : 59288
    },
    "status" : "passed",
    "steps" : [ ],
    "attachments" : [ ],
    "parameters" : [ ],
    "attachmentsCount" : 0,
    "shouldDisplayMessage" : false,
    "hasContent" : false,
    "stepsCount" : 0
  }, {
    "name" : "log_report",
    "time" : {
      "start" : 1737633488974,
      "stop" : 1737633488974,
      "duration" : 0
    },
    "status" : "passed",
    "steps" : [ ],
    "attachments" : [ ],
    "parameters" : [ ],
    "attachmentsCount" : 0,
    "shouldDisplayMessage" : false,
    "hasContent" : false,
    "stepsCount" : 0
  } ],
  "afterStages" : [ {
    "name" : "browser::0",
    "time" : {
      "start" : 1737633536719,
      "stop" : 1737633536882,
      "duration" : 163
    },
    "status" : "passed",
    "steps" : [ ],
    "attachments" : [ ],
    "parameters" : [ ],
    "attachmentsCount" : 0,
    "shouldDisplayMessage" : false,
    "hasContent" : false,
    "stepsCount" : 0
  }, {
    "name" : "log_report::0",
    "time" : {
      "start" : 1737633495521,
      "stop" : 1737633495619,
      "duration" : 98
    },
    "status" : "passed",
    "steps" : [ ],
    "attachments" : [ {
      "uid" : "907714ce8b09e148",
      "name" : "test_validate_elements_login_page_locator6__screenshot.png",
      "source" : "907714ce8b09e148.png",
      "type" : "image/png",
      "size" : 59093
    } ],
    "parameters" : [ ],
    "attachmentsCount" : 1,
    "shouldDisplayMessage" : false,
    "hasContent" : true,
    "stepsCount" : 0
  } ],
  "labels" : [ {
    "name" : "severity",
    "value" : "normal"
  }, {
    "name" : "parentSuite",
    "value" : "tests.login_page"
  }, {
    "name" : "suite",
    "value" : "test_login_page"
  }, {
    "name" : "subSuite",
    "value" : "TestLoginPage"
  }, {
    "name" : "host",
    "value" : "fv-az1676-934"
  }, {
    "name" : "thread",
    "value" : "2652-MainThread"
  }, {
    "name" : "framework",
    "value" : "pytest"
  }, {
    "name" : "language",
    "value" : "cpython3"
  }, {
    "name" : "package",
    "value" : "tests.login_page.test_login_page"
  }, {
    "name" : "resultFormat",
    "value" : "allure2"
  } ],
  "parameters" : [ {
    "name" : "locator",
    "value" : "('id', 'passkeys-title')"
  } ],
  "links" : [ ],
  "hidden" : false,
  "retry" : false,
  "extra" : {
    "severity" : "normal",
    "retries" : [ ],
    "categories" : [ {
      "name" : "Product defects",
      "matchedStatuses" : [ ],
      "flaky" : false
    } ],
    "history" : {
      "statistic" : {
        "failed" : 4,
        "broken" : 0,
        "skipped" : 0,
        "passed" : 0,
        "unknown" : 0,
        "total" : 4
      },
      "items" : [ {
        "uid" : "a8e21104abe45072",
        "reportUrl" : "https://julianemran.github.io/ebay-testing/18//#testresult/a8e21104abe45072",
        "status" : "failed",
        "statusDetails" : "AssertionError: passkeys-title is not found\nassert False\n +  where False = is_element_present(*('id', 'passkeys-title'), timeout=5)\n +    where is_element_present = <src.pages.login_page.LoginPage object at 0x7f09287906b0>.is_element_present",
        "time" : {
          "start" : 1737633249956,
          "stop" : 1737633256526,
          "duration" : 6570
        }
      }, {
        "uid" : "a3158811eb7c4b5d",
        "reportUrl" : "https://julianemran.github.io/ebay-testing/17//#testresult/a3158811eb7c4b5d",
        "status" : "failed",
        "statusDetails" : "AssertionError: passkeys-title is not found\nassert False\n +  where False = is_element_present(*('id', 'passkeys-title'), timeout=5)\n +    where is_element_present = <src.pages.login_page.LoginPage object at 0x7f8cbebd27b0>.is_element_present",
        "time" : {
          "start" : 1737554867913,
          "stop" : 1737554874534,
          "duration" : 6621
        }
      }, {
        "uid" : "17fbed35109bb40",
        "reportUrl" : "https://julianemran.github.io/ebay-testing/16//#testresult/17fbed35109bb40",
        "status" : "failed",
        "statusDetails" : "AssertionError: passkeys-title is not found\nassert False\n +  where False = is_element_present(*('id', 'passkeys-title'), timeout=5)\n +    where is_element_present = <src.pages.login_page.LoginPage object at 0x7fab9508fce0>.is_element_present",
        "time" : {
          "start" : 1737554212057,
          "stop" : 1737554218629,
          "duration" : 6572
        }
      } ]
    },
    "tags" : [ ]
  },
  "source" : "7166f8f50c7ad1a2.json",
  "parameterValues" : [ "('id', 'passkeys-title')" ]
}