{
  "uid" : "4e89a60db59848a0",
  "name" : "test_validate_elements_login_page[locator5]",
  "fullName" : "tests.login_page.test_login_page.TestLoginPage#test_validate_elements_login_page",
  "historyId" : "de53cb0d126c7730ca9bf3f40fb22bbc",
  "time" : {
    "start" : 1737405348640,
    "stop" : 1737405355189,
    "duration" : 6549
  },
  "description" : "This test validates the presence of elements on the login page.",
  "descriptionHtml" : "<p>This test validates the presence of elements on the login page.</p>\n",
  "status" : "failed",
  "statusMessage" : "AssertionError: //a[normalize-space()='Sign in'] is not found\nassert False\n +  where False = is_element_present(*('xpath', \"//a[normalize-space()='Sign in']\"), timeout=5)\n +    where is_element_present = <src.pages.login_page.LoginPage object at 0x7fc6afe59a30>.is_element_present",
  "statusTrace" : "self = <tests.login_page.test_login_page.TestLoginPage object at 0x7fc6b0001ac0>\npage = <src.pages.login_page.LoginPage object at 0x7fc6afe59a30>\nlocator = ('xpath', \"//a[normalize-space()='Sign in']\")\n\n    @allure.severity(allure.severity_level.NORMAL)\n    @pytest.mark.parametrize('locator', [getattr(LoginPageLocators, attr) for attr in dir(LoginPageLocators) if not attr.startswith(\"__\")])\n    def test_validate_elements_login_page(self, page, locator):\n        allure.dynamic.description(\"This test validates the presence of elements on the login page.\")\n>       assert page.is_element_present(*locator, timeout=5), f'{locator[1]} is not found'\nE       AssertionError: //a[normalize-space()='Sign in'] is not found\nE       assert False\nE        +  where False = is_element_present(*('xpath', \"//a[normalize-space()='Sign in']\"), timeout=5)\nE        +    where is_element_present = <src.pages.login_page.LoginPage object at 0x7fc6afe59a30>.is_element_present\n\ntests/login_page/test_login_page.py:20: AssertionError",
  "flaky" : false,
  "newFailed" : false,
  "beforeStages" : [ {
    "name" : "log_report",
    "time" : {
      "start" : 1737405348639,
      "stop" : 1737405348639,
      "duration" : 0
    },
    "status" : "passed",
    "steps" : [ ],
    "attachments" : [ ],
    "parameters" : [ ],
    "stepsCount" : 0,
    "attachmentsCount" : 0,
    "shouldDisplayMessage" : false,
    "hasContent" : false
  }, {
    "name" : "page",
    "time" : {
      "start" : 1737405348636,
      "stop" : 1737405348639,
      "duration" : 3
    },
    "status" : "passed",
    "steps" : [ ],
    "attachments" : [ ],
    "parameters" : [ ],
    "stepsCount" : 0,
    "attachmentsCount" : 0,
    "shouldDisplayMessage" : false,
    "hasContent" : false
  }, {
    "name" : "browser",
    "time" : {
      "start" : 1737405335815,
      "stop" : 1737405337911,
      "duration" : 2096
    },
    "status" : "passed",
    "steps" : [ ],
    "attachments" : [ ],
    "parameters" : [ ],
    "stepsCount" : 0,
    "attachmentsCount" : 0,
    "shouldDisplayMessage" : false,
    "hasContent" : false
  }, {
    "name" : "pytestconfig",
    "time" : {
      "start" : 1737405335814,
      "stop" : 1737405335814,
      "duration" : 0
    },
    "status" : "passed",
    "steps" : [ ],
    "attachments" : [ ],
    "parameters" : [ ],
    "stepsCount" : 0,
    "attachmentsCount" : 0,
    "shouldDisplayMessage" : false,
    "hasContent" : false
  } ],
  "afterStages" : [ {
    "name" : "log_report::0",
    "time" : {
      "start" : 1737405355191,
      "stop" : 1737405355290,
      "duration" : 99
    },
    "status" : "passed",
    "steps" : [ ],
    "attachments" : [ {
      "uid" : "e8234b134b4b13ba",
      "name" : "test_validate_elements_login_page_locator5__screenshot.png",
      "source" : "e8234b134b4b13ba.png",
      "type" : "image/png",
      "size" : 57473
    } ],
    "parameters" : [ ],
    "stepsCount" : 0,
    "attachmentsCount" : 1,
    "shouldDisplayMessage" : false,
    "hasContent" : true
  }, {
    "name" : "browser::0",
    "time" : {
      "start" : 1737405386868,
      "stop" : 1737405387012,
      "duration" : 144
    },
    "status" : "passed",
    "steps" : [ ],
    "attachments" : [ ],
    "parameters" : [ ],
    "stepsCount" : 0,
    "attachmentsCount" : 0,
    "shouldDisplayMessage" : false,
    "hasContent" : false
  } ],
  "labels" : [ {
    "name" : "severity",
    "value" : "normal"
  }, {
    "name" : "parentSuite",
    "value" : "tests.login_page"
  }, {
    "name" : "suite",
    "value" : "test_login_page"
  }, {
    "name" : "subSuite",
    "value" : "TestLoginPage"
  }, {
    "name" : "host",
    "value" : "fv-az1913-161"
  }, {
    "name" : "thread",
    "value" : "2647-MainThread"
  }, {
    "name" : "framework",
    "value" : "pytest"
  }, {
    "name" : "language",
    "value" : "cpython3"
  }, {
    "name" : "package",
    "value" : "tests.login_page.test_login_page"
  }, {
    "name" : "resultFormat",
    "value" : "allure2"
  } ],
  "parameters" : [ {
    "name" : "locator",
    "value" : "('xpath', \"//a[normalize-space()='Sign in']\")"
  } ],
  "links" : [ ],
  "hidden" : false,
  "retry" : false,
  "extra" : {
    "severity" : "normal",
    "retries" : [ ],
    "categories" : [ {
      "name" : "Product defects",
      "matchedStatuses" : [ ],
      "flaky" : false
    } ],
    "history" : {
      "statistic" : {
        "failed" : 4,
        "broken" : 0,
        "skipped" : 0,
        "passed" : 0,
        "unknown" : 0,
        "total" : 4
      },
      "items" : [ {
        "uid" : "1a75843e0d633478",
        "reportUrl" : "https://julianemran.github.io/ebay-testing/12//#testresult/1a75843e0d633478",
        "status" : "failed",
        "statusDetails" : "AssertionError: //a[normalize-space()='Sign in'] is not found\nassert False\n +  where False = is_element_present(*('xpath', \"//a[normalize-space()='Sign in']\"), timeout=5)\n +    where is_element_present = <src.pages.login_page.LoginPage object at 0x7fcb03287800>.is_element_present",
        "time" : {
          "start" : 1737400581693,
          "stop" : 1737400588291,
          "duration" : 6598
        }
      }, {
        "uid" : "cf5ef7ff0b749647",
        "reportUrl" : "https://julianemran.github.io/ebay-testing/11//#testresult/cf5ef7ff0b749647",
        "status" : "failed",
        "statusDetails" : "AssertionError: //a[normalize-space()='Sign in'] is not found\nassert False\n +  where False = is_element_present(*('xpath', \"//a[normalize-space()='Sign in']\"), timeout=5)\n +    where is_element_present = <src.pages.login_page.LoginPage object at 0x7f84039d4170>.is_element_present",
        "time" : {
          "start" : 1737201889322,
          "stop" : 1737201895958,
          "duration" : 6636
        }
      }, {
        "uid" : "afeef2f1a18e14d2",
        "reportUrl" : "https://julianemran.github.io/ebay-testing/10//#testresult/afeef2f1a18e14d2",
        "status" : "failed",
        "statusDetails" : "AssertionError: //a[normalize-space()='Sign in'] is not found\nassert False\n +  where False = is_element_present(*('xpath', \"//a[normalize-space()='Sign in']\"), timeout=5)\n +    where is_element_present = <src.pages.login_page.LoginPage object at 0x7ff942af32c0>.is_element_present",
        "time" : {
          "start" : 1737200466389,
          "stop" : 1737200472988,
          "duration" : 6599
        }
      } ]
    },
    "tags" : [ ]
  },
  "source" : "4e89a60db59848a0.json",
  "parameterValues" : [ "('xpath', \"//a[normalize-space()='Sign in']\")" ]
}