{
  "uid" : "f77400922e69310e",
  "name" : "test_validate_elements_login_page[locator6]",
  "fullName" : "tests.login_page.test_login_page.TestLoginPage#test_validate_elements_login_page",
  "historyId" : "7286f61e9fb57855e242f2b6505cbd6c",
  "time" : {
    "start" : 1737405355296,
    "stop" : 1737405361892,
    "duration" : 6596
  },
  "description" : "This test validates the presence of elements on the login page.",
  "descriptionHtml" : "<p>This test validates the presence of elements on the login page.</p>\n",
  "status" : "failed",
  "statusMessage" : "AssertionError: passkeys-title is not found\nassert False\n +  where False = is_element_present(*('id', 'passkeys-title'), timeout=5)\n +    where is_element_present = <src.pages.login_page.LoginPage object at 0x7fc6afe572f0>.is_element_present",
  "statusTrace" : "self = <tests.login_page.test_login_page.TestLoginPage object at 0x7fc6b0001b50>\npage = <src.pages.login_page.LoginPage object at 0x7fc6afe572f0>\nlocator = ('id', 'passkeys-title')\n\n    @allure.severity(allure.severity_level.NORMAL)\n    @pytest.mark.parametrize('locator', [getattr(LoginPageLocators, attr) for attr in dir(LoginPageLocators) if not attr.startswith(\"__\")])\n    def test_validate_elements_login_page(self, page, locator):\n        allure.dynamic.description(\"This test validates the presence of elements on the login page.\")\n>       assert page.is_element_present(*locator, timeout=5), f'{locator[1]} is not found'\nE       AssertionError: passkeys-title is not found\nE       assert False\nE        +  where False = is_element_present(*('id', 'passkeys-title'), timeout=5)\nE        +    where is_element_present = <src.pages.login_page.LoginPage object at 0x7fc6afe572f0>.is_element_present\n\ntests/login_page/test_login_page.py:20: AssertionError",
  "flaky" : false,
  "newFailed" : false,
  "beforeStages" : [ {
    "name" : "log_report",
    "time" : {
      "start" : 1737405355295,
      "stop" : 1737405355295,
      "duration" : 0
    },
    "status" : "passed",
    "steps" : [ ],
    "attachments" : [ ],
    "parameters" : [ ],
    "stepsCount" : 0,
    "attachmentsCount" : 0,
    "shouldDisplayMessage" : false,
    "hasContent" : false
  }, {
    "name" : "page",
    "time" : {
      "start" : 1737405355292,
      "stop" : 1737405355295,
      "duration" : 3
    },
    "status" : "passed",
    "steps" : [ ],
    "attachments" : [ ],
    "parameters" : [ ],
    "stepsCount" : 0,
    "attachmentsCount" : 0,
    "shouldDisplayMessage" : false,
    "hasContent" : false
  }, {
    "name" : "browser",
    "time" : {
      "start" : 1737405335815,
      "stop" : 1737405337911,
      "duration" : 2096
    },
    "status" : "passed",
    "steps" : [ ],
    "attachments" : [ ],
    "parameters" : [ ],
    "stepsCount" : 0,
    "attachmentsCount" : 0,
    "shouldDisplayMessage" : false,
    "hasContent" : false
  }, {
    "name" : "pytestconfig",
    "time" : {
      "start" : 1737405335814,
      "stop" : 1737405335814,
      "duration" : 0
    },
    "status" : "passed",
    "steps" : [ ],
    "attachments" : [ ],
    "parameters" : [ ],
    "stepsCount" : 0,
    "attachmentsCount" : 0,
    "shouldDisplayMessage" : false,
    "hasContent" : false
  } ],
  "afterStages" : [ {
    "name" : "log_report::0",
    "time" : {
      "start" : 1737405361895,
      "stop" : 1737405362005,
      "duration" : 110
    },
    "status" : "passed",
    "steps" : [ ],
    "attachments" : [ {
      "uid" : "11441bc7c6b19571",
      "name" : "test_validate_elements_login_page_locator6__screenshot.png",
      "source" : "11441bc7c6b19571.png",
      "type" : "image/png",
      "size" : 57473
    } ],
    "parameters" : [ ],
    "stepsCount" : 0,
    "attachmentsCount" : 1,
    "shouldDisplayMessage" : false,
    "hasContent" : true
  }, {
    "name" : "browser::0",
    "time" : {
      "start" : 1737405386868,
      "stop" : 1737405387012,
      "duration" : 144
    },
    "status" : "passed",
    "steps" : [ ],
    "attachments" : [ ],
    "parameters" : [ ],
    "stepsCount" : 0,
    "attachmentsCount" : 0,
    "shouldDisplayMessage" : false,
    "hasContent" : false
  } ],
  "labels" : [ {
    "name" : "severity",
    "value" : "normal"
  }, {
    "name" : "parentSuite",
    "value" : "tests.login_page"
  }, {
    "name" : "suite",
    "value" : "test_login_page"
  }, {
    "name" : "subSuite",
    "value" : "TestLoginPage"
  }, {
    "name" : "host",
    "value" : "fv-az1913-161"
  }, {
    "name" : "thread",
    "value" : "2647-MainThread"
  }, {
    "name" : "framework",
    "value" : "pytest"
  }, {
    "name" : "language",
    "value" : "cpython3"
  }, {
    "name" : "package",
    "value" : "tests.login_page.test_login_page"
  }, {
    "name" : "resultFormat",
    "value" : "allure2"
  } ],
  "parameters" : [ {
    "name" : "locator",
    "value" : "('id', 'passkeys-title')"
  } ],
  "links" : [ ],
  "hidden" : false,
  "retry" : false,
  "extra" : {
    "severity" : "normal",
    "retries" : [ ],
    "categories" : [ {
      "name" : "Product defects",
      "matchedStatuses" : [ ],
      "flaky" : false
    } ],
    "history" : {
      "statistic" : {
        "failed" : 4,
        "broken" : 0,
        "skipped" : 0,
        "passed" : 0,
        "unknown" : 0,
        "total" : 4
      },
      "items" : [ {
        "uid" : "de6dcb6f2abe6b68",
        "reportUrl" : "https://julianemran.github.io/ebay-testing/12//#testresult/de6dcb6f2abe6b68",
        "status" : "failed",
        "statusDetails" : "AssertionError: passkeys-title is not found\nassert False\n +  where False = is_element_present(*('id', 'passkeys-title'), timeout=5)\n +    where is_element_present = <src.pages.login_page.LoginPage object at 0x7fcb03286cc0>.is_element_present",
        "time" : {
          "start" : 1737400588395,
          "stop" : 1737400594983,
          "duration" : 6588
        }
      }, {
        "uid" : "da70a09a3b63e40f",
        "reportUrl" : "https://julianemran.github.io/ebay-testing/11//#testresult/da70a09a3b63e40f",
        "status" : "failed",
        "statusDetails" : "AssertionError: passkeys-title is not found\nassert False\n +  where False = is_element_present(*('id', 'passkeys-title'), timeout=5)\n +    where is_element_present = <src.pages.login_page.LoginPage object at 0x7f84039d07d0>.is_element_present",
        "time" : {
          "start" : 1737201896071,
          "stop" : 1737201902690,
          "duration" : 6619
        }
      }, {
        "uid" : "32a02dbe9f214c37",
        "reportUrl" : "https://julianemran.github.io/ebay-testing/10//#testresult/32a02dbe9f214c37",
        "status" : "failed",
        "statusDetails" : "AssertionError: passkeys-title is not found\nassert False\n +  where False = is_element_present(*('id', 'passkeys-title'), timeout=5)\n +    where is_element_present = <src.pages.login_page.LoginPage object at 0x7ff942af3d40>.is_element_present",
        "time" : {
          "start" : 1737200473091,
          "stop" : 1737200479695,
          "duration" : 6604
        }
      } ]
    },
    "tags" : [ ]
  },
  "source" : "f77400922e69310e.json",
  "parameterValues" : [ "('id', 'passkeys-title')" ]
}