{
  "uid" : "afeef2f1a18e14d2",
  "name" : "test_validate_elements_login_page[locator5]",
  "fullName" : "tests.login_page.test_login_page.TestLoginPage#test_validate_elements_login_page",
  "historyId" : "de53cb0d126c7730ca9bf3f40fb22bbc",
  "time" : {
    "start" : 1737200466389,
    "stop" : 1737200472988,
    "duration" : 6599
  },
  "status" : "failed",
  "statusMessage" : "AssertionError: //a[normalize-space()='Sign in'] is not found\nassert False\n +  where False = is_element_present(*('xpath', \"//a[normalize-space()='Sign in']\"), timeout=5)\n +    where is_element_present = <src.pages.login_page.LoginPage object at 0x7ff942af32c0>.is_element_present",
  "statusTrace" : "self = <tests.login_page.test_login_page.TestLoginPage object at 0x7ff942aa5550>\npage = <src.pages.login_page.LoginPage object at 0x7ff942af32c0>\nlocator = ('xpath', \"//a[normalize-space()='Sign in']\")\n\n    @pytest.mark.parametrize('locator', [getattr(LoginPageLocators, attr) for attr in dir(LoginPageLocators) if not attr.startswith(\"__\")])\n    def test_validate_elements_login_page(self, page, locator):\n>       assert page.is_element_present(*locator, timeout=5), f'{locator[1]} is not found'\nE       AssertionError: //a[normalize-space()='Sign in'] is not found\nE       assert False\nE        +  where False = is_element_present(*('xpath', \"//a[normalize-space()='Sign in']\"), timeout=5)\nE        +    where is_element_present = <src.pages.login_page.LoginPage object at 0x7ff942af32c0>.is_element_present\n\ntests/login_page/test_login_page.py:17: AssertionError",
  "flaky" : false,
  "newFailed" : false,
  "beforeStages" : [ {
    "name" : "pytestconfig",
    "time" : {
      "start" : 1737200453621,
      "stop" : 1737200453621,
      "duration" : 0
    },
    "status" : "passed",
    "steps" : [ ],
    "attachments" : [ ],
    "parameters" : [ ],
    "stepsCount" : 0,
    "attachmentsCount" : 0,
    "shouldDisplayMessage" : false,
    "hasContent" : false
  }, {
    "name" : "browser",
    "time" : {
      "start" : 1737200453621,
      "stop" : 1737200455353,
      "duration" : 1732
    },
    "status" : "passed",
    "steps" : [ ],
    "attachments" : [ ],
    "parameters" : [ ],
    "stepsCount" : 0,
    "attachmentsCount" : 0,
    "shouldDisplayMessage" : false,
    "hasContent" : false
  }, {
    "name" : "log_report",
    "time" : {
      "start" : 1737200466389,
      "stop" : 1737200466389,
      "duration" : 0
    },
    "status" : "passed",
    "steps" : [ ],
    "attachments" : [ ],
    "parameters" : [ ],
    "stepsCount" : 0,
    "attachmentsCount" : 0,
    "shouldDisplayMessage" : false,
    "hasContent" : false
  }, {
    "name" : "page",
    "time" : {
      "start" : 1737200466386,
      "stop" : 1737200466389,
      "duration" : 3
    },
    "status" : "passed",
    "steps" : [ ],
    "attachments" : [ ],
    "parameters" : [ ],
    "stepsCount" : 0,
    "attachmentsCount" : 0,
    "shouldDisplayMessage" : false,
    "hasContent" : false
  } ],
  "afterStages" : [ {
    "name" : "browser::0",
    "time" : {
      "start" : 1737200504835,
      "stop" : 1737200504970,
      "duration" : 135
    },
    "status" : "passed",
    "steps" : [ ],
    "attachments" : [ ],
    "parameters" : [ ],
    "stepsCount" : 0,
    "attachmentsCount" : 0,
    "shouldDisplayMessage" : false,
    "hasContent" : false
  }, {
    "name" : "log_report::0",
    "time" : {
      "start" : 1737200472991,
      "stop" : 1737200473086,
      "duration" : 95
    },
    "status" : "passed",
    "steps" : [ ],
    "attachments" : [ {
      "uid" : "8a4f27b844f1b03e",
      "name" : "test_validate_elements_login_page_locator5__screenshot.png",
      "source" : "8a4f27b844f1b03e.png",
      "type" : "image/png",
      "size" : 57468
    } ],
    "parameters" : [ ],
    "stepsCount" : 0,
    "attachmentsCount" : 1,
    "shouldDisplayMessage" : false,
    "hasContent" : true
  } ],
  "labels" : [ {
    "name" : "parentSuite",
    "value" : "tests.login_page"
  }, {
    "name" : "suite",
    "value" : "test_login_page"
  }, {
    "name" : "subSuite",
    "value" : "TestLoginPage"
  }, {
    "name" : "host",
    "value" : "fv-az1921-623"
  }, {
    "name" : "thread",
    "value" : "2621-MainThread"
  }, {
    "name" : "framework",
    "value" : "pytest"
  }, {
    "name" : "language",
    "value" : "cpython3"
  }, {
    "name" : "package",
    "value" : "tests.login_page.test_login_page"
  }, {
    "name" : "resultFormat",
    "value" : "allure2"
  } ],
  "parameters" : [ {
    "name" : "locator",
    "value" : "('xpath', \"//a[normalize-space()='Sign in']\")"
  } ],
  "links" : [ ],
  "hidden" : false,
  "retry" : false,
  "extra" : {
    "severity" : "normal",
    "retries" : [ ],
    "categories" : [ {
      "name" : "Product defects",
      "matchedStatuses" : [ ],
      "flaky" : false
    } ],
    "tags" : [ ]
  },
  "source" : "afeef2f1a18e14d2.json",
  "parameterValues" : [ "('xpath', \"//a[normalize-space()='Sign in']\")" ]
}