{
  "uid" : "cc5b211a1cbde98f",
  "name" : "test_validate_elements_login_page[locator2]",
  "fullName" : "tests.login_page.test_login_page.TestLoginPage#test_validate_elements_login_page",
  "historyId" : "fc984da8f5a65c8326a416c3b84802c7",
  "time" : {
    "start" : 1737200459569,
    "stop" : 1737200466206,
    "duration" : 6637
  },
  "status" : "failed",
  "statusMessage" : "AssertionError: signin-error-msg is not found\nassert False\n +  where False = is_element_present(*('id', 'signin-error-msg'), timeout=5)\n +    where is_element_present = <src.pages.login_page.LoginPage object at 0x7ff942af21e0>.is_element_present",
  "statusTrace" : "self = <tests.login_page.test_login_page.TestLoginPage object at 0x7ff943b6c3b0>\npage = <src.pages.login_page.LoginPage object at 0x7ff942af21e0>\nlocator = ('id', 'signin-error-msg')\n\n    @pytest.mark.parametrize('locator', [getattr(LoginPageLocators, attr) for attr in dir(LoginPageLocators) if not attr.startswith(\"__\")])\n    def test_validate_elements_login_page(self, page, locator):\n>       assert page.is_element_present(*locator, timeout=5), f'{locator[1]} is not found'\nE       AssertionError: signin-error-msg is not found\nE       assert False\nE        +  where False = is_element_present(*('id', 'signin-error-msg'), timeout=5)\nE        +    where is_element_present = <src.pages.login_page.LoginPage object at 0x7ff942af21e0>.is_element_present\n\ntests/login_page/test_login_page.py:17: AssertionError",
  "flaky" : false,
  "newFailed" : false,
  "beforeStages" : [ {
    "name" : "pytestconfig",
    "time" : {
      "start" : 1737200453621,
      "stop" : 1737200453621,
      "duration" : 0
    },
    "status" : "passed",
    "steps" : [ ],
    "attachments" : [ ],
    "parameters" : [ ],
    "stepsCount" : 0,
    "attachmentsCount" : 0,
    "shouldDisplayMessage" : false,
    "hasContent" : false
  }, {
    "name" : "browser",
    "time" : {
      "start" : 1737200453621,
      "stop" : 1737200455353,
      "duration" : 1732
    },
    "status" : "passed",
    "steps" : [ ],
    "attachments" : [ ],
    "parameters" : [ ],
    "stepsCount" : 0,
    "attachmentsCount" : 0,
    "shouldDisplayMessage" : false,
    "hasContent" : false
  }, {
    "name" : "page",
    "time" : {
      "start" : 1737200459566,
      "stop" : 1737200459569,
      "duration" : 3
    },
    "status" : "passed",
    "steps" : [ ],
    "attachments" : [ ],
    "parameters" : [ ],
    "stepsCount" : 0,
    "attachmentsCount" : 0,
    "shouldDisplayMessage" : false,
    "hasContent" : false
  }, {
    "name" : "log_report",
    "time" : {
      "start" : 1737200459569,
      "stop" : 1737200459569,
      "duration" : 0
    },
    "status" : "passed",
    "steps" : [ ],
    "attachments" : [ ],
    "parameters" : [ ],
    "stepsCount" : 0,
    "attachmentsCount" : 0,
    "shouldDisplayMessage" : false,
    "hasContent" : false
  } ],
  "afterStages" : [ {
    "name" : "browser::0",
    "time" : {
      "start" : 1737200504835,
      "stop" : 1737200504970,
      "duration" : 135
    },
    "status" : "passed",
    "steps" : [ ],
    "attachments" : [ ],
    "parameters" : [ ],
    "stepsCount" : 0,
    "attachmentsCount" : 0,
    "shouldDisplayMessage" : false,
    "hasContent" : false
  }, {
    "name" : "log_report::0",
    "time" : {
      "start" : 1737200466243,
      "stop" : 1737200466357,
      "duration" : 114
    },
    "status" : "passed",
    "steps" : [ ],
    "attachments" : [ {
      "uid" : "e41bf83f6e753789",
      "name" : "test_validate_elements_login_page_locator2__screenshot.png",
      "source" : "e41bf83f6e753789.png",
      "type" : "image/png",
      "size" : 57468
    }, {
      "uid" : "4232fb61487e002c",
      "name" : "test_validate_elements_login_page_locator2__Console",
      "source" : "4232fb61487e002c.txt",
      "type" : "text/plain",
      "size" : 3443
    } ],
    "parameters" : [ ],
    "stepsCount" : 0,
    "attachmentsCount" : 2,
    "shouldDisplayMessage" : false,
    "hasContent" : true
  } ],
  "labels" : [ {
    "name" : "parentSuite",
    "value" : "tests.login_page"
  }, {
    "name" : "suite",
    "value" : "test_login_page"
  }, {
    "name" : "subSuite",
    "value" : "TestLoginPage"
  }, {
    "name" : "host",
    "value" : "fv-az1921-623"
  }, {
    "name" : "thread",
    "value" : "2621-MainThread"
  }, {
    "name" : "framework",
    "value" : "pytest"
  }, {
    "name" : "language",
    "value" : "cpython3"
  }, {
    "name" : "package",
    "value" : "tests.login_page.test_login_page"
  }, {
    "name" : "resultFormat",
    "value" : "allure2"
  } ],
  "parameters" : [ {
    "name" : "locator",
    "value" : "('id', 'signin-error-msg')"
  } ],
  "links" : [ ],
  "hidden" : false,
  "retry" : false,
  "extra" : {
    "severity" : "normal",
    "retries" : [ ],
    "categories" : [ {
      "name" : "Product defects",
      "matchedStatuses" : [ ],
      "flaky" : false
    } ],
    "tags" : [ ]
  },
  "source" : "cc5b211a1cbde98f.json",
  "parameterValues" : [ "('id', 'signin-error-msg')" ]
}