{
  "uid" : "2dcb9b9ab4c46cf5",
  "name" : "test_validate_elements_login_page[locator6]",
  "fullName" : "tests.login_page.test_login_page.TestLoginPage#test_validate_elements_login_page",
  "historyId" : "7286f61e9fb57855e242f2b6505cbd6c",
  "time" : {
    "start" : 1737197842981,
    "stop" : 1737197849563,
    "duration" : 6582
  },
  "status" : "failed",
  "statusMessage" : "AssertionError: passkeys-title is not found\nassert False\n +  where False = is_element_present(*('id', 'passkeys-title'), timeout=5)\n +    where is_element_present = <src.pages.login_page.LoginPage object at 0x7fc2813737d0>.is_element_present",
  "statusTrace" : "self = <tests.login_page.test_login_page.TestLoginPage object at 0x7fc281368f50>\npage = <src.pages.login_page.LoginPage object at 0x7fc2813737d0>\nlocator = ('id', 'passkeys-title')\n\n    @pytest.mark.parametrize('locator', [getattr(LoginPageLocators, attr) for attr in dir(LoginPageLocators) if not attr.startswith(\"__\")])\n    def test_validate_elements_login_page(self, page, locator):\n>       assert page.is_element_present(*locator, timeout=5), f'{locator[1]} is not found'\nE       AssertionError: passkeys-title is not found\nE       assert False\nE        +  where False = is_element_present(*('id', 'passkeys-title'), timeout=5)\nE        +    where is_element_present = <src.pages.login_page.LoginPage object at 0x7fc2813737d0>.is_element_present\n\ntests/login_page/test_login_page.py:16: AssertionError",
  "flaky" : false,
  "newFailed" : false,
  "beforeStages" : [ {
    "name" : "page",
    "time" : {
      "start" : 1737197842978,
      "stop" : 1737197842981,
      "duration" : 3
    },
    "status" : "passed",
    "steps" : [ ],
    "attachments" : [ ],
    "parameters" : [ ],
    "stepsCount" : 0,
    "attachmentsCount" : 0,
    "shouldDisplayMessage" : false,
    "hasContent" : false
  }, {
    "name" : "browser",
    "time" : {
      "start" : 1737197813711,
      "stop" : 1737197824518,
      "duration" : 10807
    },
    "status" : "passed",
    "steps" : [ ],
    "attachments" : [ ],
    "parameters" : [ ],
    "stepsCount" : 0,
    "attachmentsCount" : 0,
    "shouldDisplayMessage" : false,
    "hasContent" : false
  } ],
  "afterStages" : [ {
    "name" : "browser::0",
    "time" : {
      "start" : 1737197874647,
      "stop" : 1737197874775,
      "duration" : 128
    },
    "status" : "passed",
    "steps" : [ ],
    "attachments" : [ ],
    "parameters" : [ ],
    "stepsCount" : 0,
    "attachmentsCount" : 0,
    "shouldDisplayMessage" : false,
    "hasContent" : false
  } ],
  "labels" : [ {
    "name" : "parentSuite",
    "value" : "tests.login_page"
  }, {
    "name" : "suite",
    "value" : "test_login_page"
  }, {
    "name" : "subSuite",
    "value" : "TestLoginPage"
  }, {
    "name" : "host",
    "value" : "fv-az1118-779"
  }, {
    "name" : "thread",
    "value" : "2545-MainThread"
  }, {
    "name" : "framework",
    "value" : "pytest"
  }, {
    "name" : "language",
    "value" : "cpython3"
  }, {
    "name" : "package",
    "value" : "tests.login_page.test_login_page"
  }, {
    "name" : "resultFormat",
    "value" : "allure2"
  } ],
  "parameters" : [ {
    "name" : "locator",
    "value" : "('id', 'passkeys-title')"
  } ],
  "links" : [ ],
  "hidden" : false,
  "retry" : false,
  "extra" : {
    "severity" : "normal",
    "retries" : [ ],
    "categories" : [ {
      "name" : "Product defects",
      "matchedStatuses" : [ ],
      "flaky" : false
    } ],
    "tags" : [ ]
  },
  "source" : "2dcb9b9ab4c46cf5.json",
  "parameterValues" : [ "('id', 'passkeys-title')" ]
}