{
  "uid" : "bffcff6145377dd6",
  "name" : "test_validate_elements_login_page[locator5]",
  "fullName" : "tests.login_page.test_login_page.TestLoginPage#test_validate_elements_login_page",
  "historyId" : "de53cb0d126c7730ca9bf3f40fb22bbc",
  "time" : {
    "start" : 1737554861193,
    "stop" : 1737554867796,
    "duration" : 6603
  },
  "description" : "This test validates the presence of elements on the login page.",
  "descriptionHtml" : "<p>This test validates the presence of elements on the login page.</p>\n",
  "status" : "failed",
  "statusMessage" : "AssertionError: //a[normalize-space()='Sign in'] is not found\nassert False\n +  where False = is_element_present(*('xpath', \"//a[normalize-space()='Sign in']\"), timeout=5)\n +    where is_element_present = <src.pages.login_page.LoginPage object at 0x7f8cbebdc830>.is_element_present",
  "statusTrace" : "self = <tests.login_page.test_login_page.TestLoginPage object at 0x7f8cbed79c40>\npage = <src.pages.login_page.LoginPage object at 0x7f8cbebdc830>\nlocator = ('xpath', \"//a[normalize-space()='Sign in']\")\n\n    @allure.severity(allure.severity_level.NORMAL)\n    @pytest.mark.parametrize('locator', [getattr(LoginPageLocators, attr) for attr in dir(LoginPageLocators) if not attr.startswith(\"__\")])\n    def test_validate_elements_login_page(self, page, locator):\n        allure.dynamic.description(\"This test validates the presence of elements on the login page.\")\n>       assert page.is_element_present(*locator, timeout=5), f'{locator[1]} is not found'\nE       AssertionError: //a[normalize-space()='Sign in'] is not found\nE       assert False\nE        +  where False = is_element_present(*('xpath', \"//a[normalize-space()='Sign in']\"), timeout=5)\nE        +    where is_element_present = <src.pages.login_page.LoginPage object at 0x7f8cbebdc830>.is_element_present\n\ntests/login_page/test_login_page.py:20: AssertionError",
  "flaky" : false,
  "newFailed" : false,
  "beforeStages" : [ {
    "name" : "log_report",
    "time" : {
      "start" : 1737554861193,
      "stop" : 1737554861193,
      "duration" : 0
    },
    "status" : "passed",
    "steps" : [ ],
    "attachments" : [ ],
    "parameters" : [ ],
    "stepsCount" : 0,
    "attachmentsCount" : 0,
    "shouldDisplayMessage" : false,
    "hasContent" : false
  }, {
    "name" : "browser",
    "time" : {
      "start" : 1737554824477,
      "stop" : 1737554847959,
      "duration" : 23482
    },
    "status" : "passed",
    "steps" : [ ],
    "attachments" : [ ],
    "parameters" : [ ],
    "stepsCount" : 0,
    "attachmentsCount" : 0,
    "shouldDisplayMessage" : false,
    "hasContent" : false
  }, {
    "name" : "page",
    "time" : {
      "start" : 1737554861189,
      "stop" : 1737554861193,
      "duration" : 4
    },
    "status" : "passed",
    "steps" : [ ],
    "attachments" : [ ],
    "parameters" : [ ],
    "stepsCount" : 0,
    "attachmentsCount" : 0,
    "shouldDisplayMessage" : false,
    "hasContent" : false
  }, {
    "name" : "pytestconfig",
    "time" : {
      "start" : 1737554824477,
      "stop" : 1737554824477,
      "duration" : 0
    },
    "status" : "passed",
    "steps" : [ ],
    "attachments" : [ ],
    "parameters" : [ ],
    "stepsCount" : 0,
    "attachmentsCount" : 0,
    "shouldDisplayMessage" : false,
    "hasContent" : false
  } ],
  "afterStages" : [ {
    "name" : "log_report::0",
    "time" : {
      "start" : 1737554867799,
      "stop" : 1737554867908,
      "duration" : 109
    },
    "status" : "passed",
    "steps" : [ ],
    "attachments" : [ {
      "uid" : "38f6eb23533385eb",
      "name" : "test_validate_elements_login_page_locator5__screenshot.png",
      "source" : "38f6eb23533385eb.png",
      "type" : "image/png",
      "size" : 59083
    } ],
    "parameters" : [ ],
    "stepsCount" : 0,
    "attachmentsCount" : 1,
    "shouldDisplayMessage" : false,
    "hasContent" : true
  }, {
    "name" : "browser::0",
    "time" : {
      "start" : 1737554914538,
      "stop" : 1737554914702,
      "duration" : 164
    },
    "status" : "passed",
    "steps" : [ ],
    "attachments" : [ ],
    "parameters" : [ ],
    "stepsCount" : 0,
    "attachmentsCount" : 0,
    "shouldDisplayMessage" : false,
    "hasContent" : false
  } ],
  "labels" : [ {
    "name" : "severity",
    "value" : "normal"
  }, {
    "name" : "parentSuite",
    "value" : "tests.login_page"
  }, {
    "name" : "suite",
    "value" : "test_login_page"
  }, {
    "name" : "subSuite",
    "value" : "TestLoginPage"
  }, {
    "name" : "host",
    "value" : "fv-az1368-486"
  }, {
    "name" : "thread",
    "value" : "2633-MainThread"
  }, {
    "name" : "framework",
    "value" : "pytest"
  }, {
    "name" : "language",
    "value" : "cpython3"
  }, {
    "name" : "package",
    "value" : "tests.login_page.test_login_page"
  }, {
    "name" : "resultFormat",
    "value" : "allure2"
  } ],
  "parameters" : [ {
    "name" : "locator",
    "value" : "('xpath', \"//a[normalize-space()='Sign in']\")"
  } ],
  "links" : [ ],
  "hidden" : false,
  "retry" : false,
  "extra" : {
    "severity" : "normal",
    "retries" : [ ],
    "categories" : [ {
      "name" : "Product defects",
      "matchedStatuses" : [ ],
      "flaky" : false
    } ],
    "history" : {
      "statistic" : {
        "failed" : 2,
        "broken" : 0,
        "skipped" : 0,
        "passed" : 0,
        "unknown" : 0,
        "total" : 2
      },
      "items" : [ {
        "uid" : "7bbff0396ced0559",
        "reportUrl" : "https://julianemran.github.io/ebay-testing/16//#testresult/7bbff0396ced0559",
        "status" : "failed",
        "statusDetails" : "AssertionError: //a[normalize-space()='Sign in'] is not found\nassert False\n +  where False = is_element_present(*('xpath', \"//a[normalize-space()='Sign in']\"), timeout=5)\n +    where is_element_present = <src.pages.login_page.LoginPage object at 0x7fab950984d0>.is_element_present",
        "time" : {
          "start" : 1737554205369,
          "stop" : 1737554211945,
          "duration" : 6576
        }
      } ]
    },
    "tags" : [ ]
  },
  "source" : "bffcff6145377dd6.json",
  "parameterValues" : [ "('xpath', \"//a[normalize-space()='Sign in']\")" ]
}