{
  "uid" : "94a9d8ae250479d3",
  "name" : "test_validate_elements_login_page[locator2]",
  "fullName" : "tests.login_page.test_login_page.TestLoginPage#test_validate_elements_login_page",
  "historyId" : "fc984da8f5a65c8326a416c3b84802c7",
  "time" : {
    "start" : 1737400574948,
    "stop" : 1737400581500,
    "duration" : 6552
  },
  "description" : "This test validates the presence of elements on the login page.",
  "descriptionHtml" : "<p>This test validates the presence of elements on the login page.</p>\n",
  "status" : "failed",
  "statusMessage" : "AssertionError: signin-error-msg is not found\nassert False\n +  where False = is_element_present(*('id', 'signin-error-msg'), timeout=5)\n +    where is_element_present = <src.pages.login_page.LoginPage object at 0x7fcb03285940>.is_element_present",
  "statusTrace" : "self = <tests.login_page.test_login_page.TestLoginPage object at 0x7fcb044e4f50>\npage = <src.pages.login_page.LoginPage object at 0x7fcb03285940>\nlocator = ('id', 'signin-error-msg')\n\n    @allure.severity(allure.severity_level.NORMAL)\n    @pytest.mark.parametrize('locator', [getattr(LoginPageLocators, attr) for attr in dir(LoginPageLocators) if not attr.startswith(\"__\")])\n    def test_validate_elements_login_page(self, page, locator):\n        allure.dynamic.description(\"This test validates the presence of elements on the login page.\")\n>       assert page.is_element_present(*locator, timeout=5), f'{locator[1]} is not found'\nE       AssertionError: signin-error-msg is not found\nE       assert False\nE        +  where False = is_element_present(*('id', 'signin-error-msg'), timeout=5)\nE        +    where is_element_present = <src.pages.login_page.LoginPage object at 0x7fcb03285940>.is_element_present\n\ntests/login_page/test_login_page.py:20: AssertionError",
  "flaky" : false,
  "newFailed" : false,
  "beforeStages" : [ {
    "name" : "page",
    "time" : {
      "start" : 1737400574939,
      "stop" : 1737400574947,
      "duration" : 8
    },
    "status" : "passed",
    "steps" : [ ],
    "attachments" : [ ],
    "parameters" : [ ],
    "stepsCount" : 0,
    "attachmentsCount" : 0,
    "shouldDisplayMessage" : false,
    "hasContent" : false
  }, {
    "name" : "browser",
    "time" : {
      "start" : 1737400554306,
      "stop" : 1737400568521,
      "duration" : 14215
    },
    "status" : "passed",
    "steps" : [ ],
    "attachments" : [ ],
    "parameters" : [ ],
    "stepsCount" : 0,
    "attachmentsCount" : 0,
    "shouldDisplayMessage" : false,
    "hasContent" : false
  }, {
    "name" : "log_report",
    "time" : {
      "start" : 1737400574947,
      "stop" : 1737400574947,
      "duration" : 0
    },
    "status" : "passed",
    "steps" : [ ],
    "attachments" : [ ],
    "parameters" : [ ],
    "stepsCount" : 0,
    "attachmentsCount" : 0,
    "shouldDisplayMessage" : false,
    "hasContent" : false
  }, {
    "name" : "pytestconfig",
    "time" : {
      "start" : 1737400554306,
      "stop" : 1737400554306,
      "duration" : 0
    },
    "status" : "passed",
    "steps" : [ ],
    "attachments" : [ ],
    "parameters" : [ ],
    "stepsCount" : 0,
    "attachmentsCount" : 0,
    "shouldDisplayMessage" : false,
    "hasContent" : false
  } ],
  "afterStages" : [ {
    "name" : "browser::0",
    "time" : {
      "start" : 1737400620688,
      "stop" : 1737400620821,
      "duration" : 133
    },
    "status" : "passed",
    "steps" : [ ],
    "attachments" : [ ],
    "parameters" : [ ],
    "stepsCount" : 0,
    "attachmentsCount" : 0,
    "shouldDisplayMessage" : false,
    "hasContent" : false
  }, {
    "name" : "log_report::0",
    "time" : {
      "start" : 1737400581539,
      "stop" : 1737400581659,
      "duration" : 120
    },
    "status" : "passed",
    "steps" : [ ],
    "attachments" : [ {
      "uid" : "a5b699aa1cb30fdf",
      "name" : "test_validate_elements_login_page_locator2__screenshot.png",
      "source" : "a5b699aa1cb30fdf.png",
      "type" : "image/png",
      "size" : 59030
    }, {
      "uid" : "4746a57f184f2ed2",
      "name" : "test_validate_elements_login_page_locator2__Console",
      "source" : "4746a57f184f2ed2.txt",
      "type" : "text/plain",
      "size" : 3264
    } ],
    "parameters" : [ ],
    "stepsCount" : 0,
    "attachmentsCount" : 2,
    "shouldDisplayMessage" : false,
    "hasContent" : true
  } ],
  "labels" : [ {
    "name" : "severity",
    "value" : "normal"
  }, {
    "name" : "parentSuite",
    "value" : "tests.login_page"
  }, {
    "name" : "suite",
    "value" : "test_login_page"
  }, {
    "name" : "subSuite",
    "value" : "TestLoginPage"
  }, {
    "name" : "host",
    "value" : "fv-az2020-331"
  }, {
    "name" : "thread",
    "value" : "2644-MainThread"
  }, {
    "name" : "framework",
    "value" : "pytest"
  }, {
    "name" : "language",
    "value" : "cpython3"
  }, {
    "name" : "package",
    "value" : "tests.login_page.test_login_page"
  }, {
    "name" : "resultFormat",
    "value" : "allure2"
  } ],
  "parameters" : [ {
    "name" : "locator",
    "value" : "('id', 'signin-error-msg')"
  } ],
  "links" : [ ],
  "hidden" : false,
  "retry" : false,
  "extra" : {
    "severity" : "normal",
    "retries" : [ ],
    "categories" : [ {
      "name" : "Product defects",
      "matchedStatuses" : [ ],
      "flaky" : false
    } ],
    "history" : {
      "statistic" : {
        "failed" : 3,
        "broken" : 0,
        "skipped" : 0,
        "passed" : 0,
        "unknown" : 0,
        "total" : 3
      },
      "items" : [ {
        "uid" : "5990f44ff840803",
        "reportUrl" : "https://julianemran.github.io/ebay-testing/11//#testresult/5990f44ff840803",
        "status" : "failed",
        "statusDetails" : "AssertionError: signin-error-msg is not found\nassert False\n +  where False = is_element_present(*('id', 'signin-error-msg'), timeout=5)\n +    where is_element_present = <src.pages.login_page.LoginPage object at 0x7f84039d2b40>.is_element_present",
        "time" : {
          "start" : 1737201882547,
          "stop" : 1737201889122,
          "duration" : 6575
        }
      }, {
        "uid" : "cc5b211a1cbde98f",
        "reportUrl" : "https://julianemran.github.io/ebay-testing/10//#testresult/cc5b211a1cbde98f",
        "status" : "failed",
        "statusDetails" : "AssertionError: signin-error-msg is not found\nassert False\n +  where False = is_element_present(*('id', 'signin-error-msg'), timeout=5)\n +    where is_element_present = <src.pages.login_page.LoginPage object at 0x7ff942af21e0>.is_element_present",
        "time" : {
          "start" : 1737200459569,
          "stop" : 1737200466206,
          "duration" : 6637
        }
      } ]
    },
    "tags" : [ ]
  },
  "source" : "94a9d8ae250479d3.json",
  "parameterValues" : [ "('id', 'signin-error-msg')" ]
}